  Utility.cpp
  shader.cpp
  SceneKinematics.cpp
c:\users\syong\desktop\dm2294_sp3\sp3\base\source\scenekinematics.cpp(140): warning C4305: '+=' : truncation from 'double' to 'float'
c:\users\syong\desktop\dm2294_sp3\sp3\base\source\scenekinematics.cpp(145): warning C4305: '-=' : truncation from 'double' to 'float'
c:\users\syong\desktop\dm2294_sp3\sp3\base\source\scenekinematics.cpp(298): warning C4244: 'argument' : conversion from 'double' to 'float', possible loss of data
c:\users\syong\desktop\dm2294_sp3\sp3\base\source\scenekinematics.cpp(299): warning C4244: 'argument' : conversion from 'double' to 'float', possible loss of data
  SceneCollision.cpp
c:\users\syong\desktop\dm2294_sp3\sp3\base\source\scenecollision.cpp(31): warning C4244: 'argument' : conversion from 'int' to 'float', possible loss of data
c:\users\syong\desktop\dm2294_sp3\sp3\base\source\scenecollision.cpp(36): warning C4244: 'argument' : conversion from 'int' to 'float', possible loss of data
c:\users\syong\desktop\dm2294_sp3\sp3\base\source\scenecollision.cpp(81): warning C4244: 'argument' : conversion from 'int' to 'float', possible loss of data
c:\users\syong\desktop\dm2294_sp3\sp3\base\source\scenecollision.cpp(82): warning C4244: 'argument' : conversion from 'int' to 'float', possible loss of data
c:\users\syong\desktop\dm2294_sp3\sp3\base\source\scenecollision.cpp(109): warning C4244: 'argument' : conversion from 'double' to 'float', possible loss of data
c:\users\syong\desktop\dm2294_sp3\sp3\base\source\scenecollision.cpp(125): warning C4244: 'argument' : conversion from 'double' to 'float', possible loss of data
c:\users\syong\desktop\dm2294_sp3\sp3\base\source\scenecollision.cpp(153): warning C4244: 'argument' : conversion from 'double' to 'float', possible loss of data
c:\users\syong\desktop\dm2294_sp3\sp3\base\source\scenecollision.cpp(159): warning C4244: 'argument' : conversion from 'double' to 'float', possible loss of data
c:\users\syong\desktop\dm2294_sp3\sp3\base\source\scenecollision.cpp(174): warning C4244: 'argument' : conversion from 'double' to 'float', possible loss of data
  SceneBase.cpp
  SceneAsteroid.cpp
c:\users\syong\desktop\dm2294_sp3\sp3\base\source\sceneasteroid.cpp(113): warning C4305: '+=' : truncation from 'double' to 'float'
c:\users\syong\desktop\dm2294_sp3\sp3\base\source\sceneasteroid.cpp(117): warning C4305: '-=' : truncation from 'double' to 'float'
c:\users\syong\desktop\dm2294_sp3\sp3\base\source\sceneasteroid.cpp(141): warning C4305: 'argument' : truncation from 'double' to 'float'
c:\users\syong\desktop\dm2294_sp3\sp3\base\source\sceneasteroid.cpp(179): warning C4244: 'argument' : conversion from 'double' to 'float', possible loss of data
c:\users\syong\desktop\dm2294_sp3\sp3\base\source\sceneasteroid.cpp(180): warning C4244: 'argument' : conversion from 'double' to 'float', possible loss of data
c:\users\syong\desktop\dm2294_sp3\sp3\base\source\sceneasteroid.cpp(186): warning C4244: '+=' : conversion from 'double' to 'float', possible loss of data
c:\users\syong\desktop\dm2294_sp3\sp3\base\source\sceneasteroid.cpp(187): warning C4244: 'argument' : conversion from 'double' to 'float', possible loss of data
c:\users\syong\desktop\dm2294_sp3\sp3\base\source\sceneasteroid.cpp(190): warning C4244: '+=' : conversion from 'double' to 'float', possible loss of data
c:\users\syong\desktop\dm2294_sp3\sp3\base\source\sceneasteroid.cpp(227): warning C4244: 'argument' : conversion from 'double' to 'float', possible loss of data
c:\users\syong\desktop\dm2294_sp3\sp3\base\source\sceneasteroid.cpp(238): warning C4244: 'argument' : conversion from 'double' to 'float', possible loss of data
  MeshBuilder.cpp
  Mesh.cpp
  main.cpp
  LoadTGA.cpp
  LoadOBJ.cpp
  GameObject.cpp
  Camera.cpp
  Application.cpp
  Generating Code...
c:\users\syong\desktop\dm2294_sp3\sp3\base\source\scenecollision.cpp(414): warning C4715: 'SceneCollision::CheckCollision' : not all control paths return a value
Application.obj : warning LNK4075: ignoring '/EDITANDCONTINUE' due to '/OPT:LBR' specification
LINK : warning LNK4098: defaultlib 'MSVCRT' conflicts with use of other libs; use /NODEFAULTLIB:library
  Base.vcxproj -> C:\Users\syong\Desktop\DM2294_SP3\SP3\Debug\Base.exe
